<?xml version="1.0" encoding="utf-8"?>
<TestRun id="5ff1a5b0-13c4-435f-bddb-c4e4386a8a09" name="Home@RAYUS-HOME 2021-09-11 21:34:38" runUser="RAYUS-HOME\Home" xmlns="http://microsoft.com/schemas/VisualStudio/TeamTest/2010">
  <Times creation="2021-09-11T21:34:38.6155973-04:00" queuing="2021-09-11T21:34:38.6155982-04:00" start="2021-09-11T21:34:37.0541478-04:00" finish="2021-09-11T21:34:38.6165904-04:00" />
  <TestSettings name="default" id="c8e1da46-b905-4da7-a3cd-741e138c91c4">
    <Deployment runDeploymentRoot="Home_RAYUS-HOME_2021-09-11_21_34_38" />
  </TestSettings>
  <TestLists>
    <TestList name="Results Not in a List" id="8c84fa94-04c1-424b-9868-57a2d4851a1d" />
    <TestList name="All Loaded Results" id="19431567-8539-422a-85d7-44ee4e166bda" />
  </TestLists>
  <ResultSummary outcome="Completed">
    <Counters total="0" executed="0" passed="0" failed="0" error="0" timeout="0" aborted="0" inconclusive="0" passedButRunAborted="0" notRunnable="0" notExecuted="0" disconnected="0" warning="0" completed="0" inProgress="0" pending="0" />
    <Output>
      <StdOut>[xUnit.net 00:00:00.00] xUnit.net VSTest Adapter v2.4.3+1b45f5407b (64-bit .NET 5.0.9)&#xD;
[xUnit.net 00:00:00.53]   Discovering: XUnitTests&#xD;
[xUnit.net 00:00:00.54]   Discovered:  XUnitTests&#xD;
</StdOut>
    </Output>
    <RunInfos>
      <RunInfo computerName="RAYUS-HOME" outcome="Warning" timestamp="2021-09-11T21:34:38.5257662-04:00">
        <Text>No test matches the given testcase filter `Category=Collections` in F:\Jalasoft\Courses\Web Automation\WebAutomationCourse\XUnit\XUnitTests\bin\Debug\net5.0\XUnitTests.dll</Text>
      </RunInfo>
    </RunInfos>
  </ResultSummary>
</TestRun>